/*C7*/SET SCHEMA PUBLIC
INSERT INTO PRODUTO VALUES(16,'Mesa Azul','Mesa com 4 p\u00e9s de madeira')
COMMIT
SET SCHEMA PUBLIC
DISCONNECT
/*C9*/SET SCHEMA PUBLIC
INSERT INTO PRODUTO VALUES(17,'Mesa Azul','Mesa com 4 p\u00e9s de madeira')
COMMIT
SET SCHEMA PUBLIC
DISCONNECT
/*C8*/SET SCHEMA PUBLIC
create table Categoria (id INTEGER GENERATED BY DEFAULT AS IDENTITY PRIMARY KEY, nome varchar(255))
alter table Produto add column categoria_id integer \u000d\u000a
INSERT INTO CATEGORIA VALUES(0,'Eletrodom\u00e9stico')
COMMIT
INSERT INTO CATEGORIA VALUES(1,'Eletr\u00f4nico')
COMMIT
INSERT INTO CATEGORIA VALUES(2,'m\u00f3vel')
COMMIT
DELETE FROM PRODUTO WHERE ID=9
DELETE FROM PRODUTO WHERE ID=10
DELETE FROM PRODUTO WHERE ID=11
DELETE FROM PRODUTO WHERE ID=12
DELETE FROM PRODUTO WHERE ID=13
DELETE FROM PRODUTO WHERE ID=14
DELETE FROM PRODUTO WHERE ID=15
DELETE FROM PRODUTO WHERE ID=16
DELETE FROM PRODUTO WHERE ID=17
INSERT INTO PRODUTO VALUES(9,'MacBook','Usado e com 50% de desconto',2)
INSERT INTO PRODUTO VALUES(10,'MacBook','Usado e com 50% de desconto',2)
INSERT INTO PRODUTO VALUES(11,'MacBook','Usado e com 50% de desconto',2)
INSERT INTO PRODUTO VALUES(12,'Mesa Azul','Mesa com 4 p\u00e9s de madeira',2)
INSERT INTO PRODUTO VALUES(13,'Mesa Azul','Mesa com 4 p\u00e9s de madeira',2)
INSERT INTO PRODUTO VALUES(14,'Mesa Azul','Mesa com 4 p\u00e9s de madeira',2)
INSERT INTO PRODUTO VALUES(15,'Mesa Azul','Mesa com 4 p\u00e9s de madeira',2)
INSERT INTO PRODUTO VALUES(16,'Mesa Azul','Mesa com 4 p\u00e9s de madeira',2)
INSERT INTO PRODUTO VALUES(17,'Mesa Azul','Mesa com 4 p\u00e9s de madeira',2)
COMMIT
/*C10*/SET SCHEMA PUBLIC
DISCONNECT
/*C11*/SET SCHEMA PUBLIC
DISCONNECT
/*C12*/SET SCHEMA PUBLIC
DISCONNECT
/*C13*/SET SCHEMA PUBLIC
DISCONNECT
/*C14*/SET SCHEMA PUBLIC
DISCONNECT
/*C15*/SET SCHEMA PUBLIC
DISCONNECT
